Generated Nonce: 111625020512419545049668
Nonce length is valid: 24
Nonce is numeric: 111625020512419545049668
Data to Sign (Exact): Wh27QPVOV/W1R9r+1Pat3vJ5JgvUjwDnQ4nlqdFjoiM=111625020512419545049668
Private key path: C:\Users\SOFTWARE DEVELOPER\Desktop\Ringo_Laravel\DigitalEdge\privateKey.pem
Private Key Length: 1706
Private Key (first 100 chars): -----BEGIN RSA PRIVATE KEY-----
MIIEpAIBAAKCAQEAkb9cL2xb0SU1eYi3Q/cenDVF4gZippE0IZOVRImYX3aszyiE
k
Base64 URL-safe Encoded Signature: XzGgxK1i77k8SOnorWUfFWCqVilkNQv0bK8EY4XCY6QeFVnK85ZC_gJpBBXnqTdPIu7ojCHONifYkLaNzPsiUFOqEWrphOacZ422I5X-bqcywHJxo_nt7M9sObZ4y7YpH_3pell9ANR_4EvxH1Dp3jX-LVUFAJeodGSFo2yZe_Isn-IZ37eQNR9gWoVA3whpziN7uHnFLbfCAmgwy9qsyJgVD5TQf6O4rJLB1nqMVF_V7-rAhoNg74_Cch-ufGixplyFVf6jkofJLpwMnek__PNqbuBi_VYgxwbOvn2sdNFm2nMiF12w9ARnKpp6U5bcspo3muXUIo6UDdBGN_QqiQ==
Generated Signature (Base64): XzGgxK1i77k8SOnorWUfFWCqVilkNQv0bK8EY4XCY6QeFVnK85ZC_gJpBBXnqTdPIu7ojCHONifYkLaNzPsiUFOqEWrphOacZ422I5X-bqcywHJxo_nt7M9sObZ4y7YpH_3pell9ANR_4EvxH1Dp3jX-LVUFAJeodGSFo2yZe_Isn-IZ37eQNR9gWoVA3whpziN7uHnFLbfCAmgwy9qsyJgVD5TQf6O4rJLB1nqMVF_V7-rAhoNg74_Cch-ufGixplyFVf6jkofJLpwMnek__PNqbuBi_VYgxwbOvn2sdNFm2nMiF12w9ARnKpp6U5bcspo3muXUIo6UDdBGN_QqiQ==
Signature generation process completed successfully.
Making GET request to https://sandboxapi.vendifydigital.com/api/v1/Product/Merchant/evend
Headers: {"X-Api-Key":"Wh27QPVOV\/W1R9r+1Pat3vJ5JgvUjwDnQ4nlqdFjoiM=","X-Nonce":"111625020512419545049668","X-Signature":"XzGgxK1i77k8SOnorWUfFWCqVilkNQv0bK8EY4XCY6QeFVnK85ZC_gJpBBXnqTdPIu7ojCHONifYkLaNzPsiUFOqEWrphOacZ422I5X-bqcywHJxo_nt7M9sObZ4y7YpH_3pell9ANR_4EvxH1Dp3jX-LVUFAJeodGSFo2yZe_Isn-IZ37eQNR9gWoVA3whpziN7uHnFLbfCAmgwy9qsyJgVD5TQf6O4rJLB1nqMVF_V7-rAhoNg74_Cch-ufGixplyFVf6jkofJLpwMnek__PNqbuBi_VYgxwbOvn2sdNFm2nMiF12w9ARnKpp6U5bcspo3muXUIo6UDdBGN_QqiQ==","Content-Type":"application\/json","Accept":"application\/json","X-Currency-Id":"160","X-Currency-Code":"NGN"}
Response Status: 200
Response Headers: {"cache-control":"no-cache","pragma":"no-cache","content-length":"232","content-type":"application\/json; charset=utf-8","expires":"-1","server":"Microsoft-IIS\/10.0","access-control-allow-origin":"*","set-cookie":"ASP.NET_SessionId=wfvrh4atcdqfz5va5h2g42di; path=\/; HttpOnly; SameSite=Lax","request-x-nonce":"111625020512419545049668","x-aspnet-version":"4.0.30319","x-powered-by":"ASP.NET","date":"Wed, 05 Feb 2025 11:41:04 GMT"}
Response Body: {"authenticated":false,"sysDate":"2025-02-05T11:41:04.674Z","sysErr":-5,"sysId":250205114188866845,"sessionUid":"F:AGSCXEGUOGGZMRKMTGMCYJJPG","requestStatus":"NOT_PROCESSED","message":"Missing or Invalid Signature.","response":null}
Generated Nonce: 111625020512453250250455
Nonce length is valid: 24
Nonce is numeric: 111625020512453250250455
Data to Sign (Exact): Wh27QPVOV/W1R9r+1Pat3vJ5JgvUjwDnQ4nlqdFjoiM=111625020512453250250455
Private key path: C:\Users\SOFTWARE DEVELOPER\Desktop\Ringo_Laravel\DigitalEdge\privateKey.pem
Private Key Length: 1706
Private Key (first 100 chars): -----BEGIN RSA PRIVATE KEY-----
MIIEpAIBAAKCAQEAkb9cL2xb0SU1eYi3Q/cenDVF4gZippE0IZOVRImYX3aszyiE
k
Base64 URL-safe Encoded Signature: RJ2PyLxiq9F1h07imqXTL+RQziA18/EWt7ZSejOh5anMCBApm9L0RG+X23as6pUYb6Jn7GZfnTCBjswD2+AsmXiQYN54nB7jynZvW4YCO/4Qmlq5Lsnzp1hW0Fey2M0zTwN5SubGK1EGJHzJ9Bc5Vjop20l9hlphJVP4SHJQndqsMcQzmNq4W2vV2lXh+rH1ZbLik435zAKe15xb4fPSxOeXEXZthiRDeNtLImhVEMBynZ0W0S3XVz1Jlkt2XaV97lMG+J5GYRtmq2IatC/ke+aksgQa2XE4lj8MRJWVOzCEs4cHAJN3By2iC56qs7B+0p/MWA9Qw9w37rwBUn19fw==
Generated Signature (Base64): RJ2PyLxiq9F1h07imqXTL+RQziA18/EWt7ZSejOh5anMCBApm9L0RG+X23as6pUYb6Jn7GZfnTCBjswD2+AsmXiQYN54nB7jynZvW4YCO/4Qmlq5Lsnzp1hW0Fey2M0zTwN5SubGK1EGJHzJ9Bc5Vjop20l9hlphJVP4SHJQndqsMcQzmNq4W2vV2lXh+rH1ZbLik435zAKe15xb4fPSxOeXEXZthiRDeNtLImhVEMBynZ0W0S3XVz1Jlkt2XaV97lMG+J5GYRtmq2IatC/ke+aksgQa2XE4lj8MRJWVOzCEs4cHAJN3By2iC56qs7B+0p/MWA9Qw9w37rwBUn19fw==
Signature generation process completed successfully.
Making GET request to https://sandboxapi.vendifydigital.com/api/v1/Product/Merchant/evend
Headers: {"X-Api-Key":"Wh27QPVOV\/W1R9r+1Pat3vJ5JgvUjwDnQ4nlqdFjoiM=","X-Nonce":"111625020512453250250455","X-Signature":"RJ2PyLxiq9F1h07imqXTL+RQziA18\/EWt7ZSejOh5anMCBApm9L0RG+X23as6pUYb6Jn7GZfnTCBjswD2+AsmXiQYN54nB7jynZvW4YCO\/4Qmlq5Lsnzp1hW0Fey2M0zTwN5SubGK1EGJHzJ9Bc5Vjop20l9hlphJVP4SHJQndqsMcQzmNq4W2vV2lXh+rH1ZbLik435zAKe15xb4fPSxOeXEXZthiRDeNtLImhVEMBynZ0W0S3XVz1Jlkt2XaV97lMG+J5GYRtmq2IatC\/ke+aksgQa2XE4lj8MRJWVOzCEs4cHAJN3By2iC56qs7B+0p\/MWA9Qw9w37rwBUn19fw==","Content-Type":"application\/json","Accept":"application\/json","X-Currency-Id":"160","X-Currency-Code":"NGN"}
Response Status: 200
Response Headers: {"cache-control":"no-cache","pragma":"no-cache","content-length":"4384","content-type":"application\/json; charset=utf-8","expires":"-1","server":"Microsoft-IIS\/10.0","access-control-allow-origin":"*","set-cookie":"ASP.NET_SessionId=cmsbcljqx5acm45drozcknwf; path=\/; HttpOnly; SameSite=Lax","request-x-nonce":"111625020512453250250455","x-aspnet-version":"4.0.30319","x-powered-by":"ASP.NET","date":"Wed, 05 Feb 2025 11:45:08 GMT"}
Response Body: {"authenticated":true,"sysDate":"2025-02-05T11:45:08.648Z","sysErr":200,"sysId":250205114548312740,"sessionUid":"S:MIMXNHDKSMPNGIDXINKYTQFKF","requestStatus":"PROCESSED","message":"REQUEST OK","response":[{"originalCurrencyId":229,"targetCurrencyId":160,"originalCurrencyCode":"GBP","targetCurrencyCode":"NGN","originalValue":100.00,"targetValue":201200.00,"status":1,"category":"Voucher","categoryCode":"voucher","subCategory":"Automobiles & Accessories","subCategoryCode":"Automobiles-Accessories","serviceCode":"","brandCode":"","productId":1,"productCode":"PRO100GBP","providerId":1,"providerName":"DVS Portal","name":"DVS PRO MAX - 100GBP","description":"DVS PRO MAX - 100GBP For global usage","productMoreInfoUrl":"#","expirationDate":"2029-08-18","value":100.00,"valueCurrencyId":229,"valueCurrencyCode":"GBP","productCost":201200.00,"productCostCurrencyCode":"NGN","productCostCurrencyId":160,"sysComment":"Cost Converted from base(GBP) to NGN rate of 2012.000000","denominations":[{"type":"fixed","minValue":100.00,"maxValue":100.00,"currencyCode":"GBP"}]},{"originalCurrencyId":229,"targetCurrencyId":160,"originalCurrencyCode":"GBP","targetCurrencyCode":"NGN","originalValue":200.00,"targetValue":402400.00,"status":1,"category":"Voucher","categoryCode":"voucher","subCategory":"Automobiles & Accessories","subCategoryCode":"Automobiles-Accessories","serviceCode":"","brandCode":"","productId":2,"productCode":"PRO200GBP","providerId":1,"providerName":"DVS Portal","name":"DVS PRO MAX -200GBP","description":"DVS PRO MAX -200GBP","productMoreInfoUrl":"#","expirationDate":"2029-08-18","value":200.00,"valueCurrencyId":229,"valueCurrencyCode":"GBP","productCost":402400.00,"productCostCurrencyCode":"NGN","productCostCurrencyId":160,"sysComment":"Cost Converted from base(GBP) to NGN rate of 2012.000000","denominations":[{"type":"fixed","minValue":200.00,"maxValue":200.00,"currencyCode":"GBP"}]},{"originalCurrencyId":160,"targetCurrencyId":160,"originalCurrencyCode":"NGN","targetCurrencyCode":"NGN","originalValue":10000.00,"targetValue":10000.00,"status":1,"category":"Voucher","categoryCode":"voucher","subCategory":"Automobiles & Accessories","subCategoryCode":"Automobiles-Accessories","serviceCode":"","brandCode":"","productId":15,"productCode":"PMNG10K","providerId":1,"providerName":"DVS Portal","name":"PROMAX 10,000 Naira Gift Voucher","description":"PROMAX 10,000 Naira Gift Voucher","productMoreInfoUrl":"#","expirationDate":"2029-08-18","value":10000.00,"valueCurrencyId":160,"valueCurrencyCode":"NGN","productCost":10000.00,"productCostCurrencyCode":"NGN","productCostCurrencyId":160,"sysComment":"","denominations":[{"type":"fixed","minValue":10000.00,"maxValue":10000.00,"currencyCode":"NGN"}]},{"originalCurrencyId":229,"targetCurrencyId":160,"originalCurrencyCode":"GBP","targetCurrencyCode":"NGN","originalValue":100.00,"targetValue":201200.00,"status":1,"category":"Voucher","categoryCode":"voucher","subCategory":"Automobiles & Accessories","subCategoryCode":"Automobiles-Accessories","serviceCode":"","brandCode":"","productId":21,"productCode":"PRN100GB","providerId":1,"providerName":"DVS Portal","name":"PRN100GB","description":"New GBP PRN100GB","productMoreInfoUrl":"#","expirationDate":"2029-08-18","value":100.00,"valueCurrencyId":229,"valueCurrencyCode":"GBP","productCost":201200.00,"productCostCurrencyCode":"NGN","productCostCurrencyId":160,"sysComment":"Cost Converted from base(GBP) to NGN rate of 2012.000000","denominations":[{"type":"fixed","minValue":100.00,"maxValue":100.00,"currencyCode":"GBP"}]},{"originalCurrencyId":229,"targetCurrencyId":160,"originalCurrencyCode":"GBP","targetCurrencyCode":"NGN","originalValue":100.00,"targetValue":201200.00,"status":1,"category":"Voucher","categoryCode":"voucher","subCategory":"Automobiles & Accessories","subCategoryCode":"Automobiles-Accessories","serviceCode":"","brandCode":"","productId":65,"productCode":"DVS-TS01","providerId":1,"providerName":"DVS Portal","name":"DVS-TST-01","description":"Test Product one","productMoreInfoUrl":"#","expirationDate":"2029-08-18","value":100.00,"valueCurrencyId":229,"valueCurrencyCode":"GBP","productCost":201200.00,"productCostCurrencyCode":"NGN","productCostCurrencyId":160,"sysComment":"Cost Converted from base(GBP) to NGN rate of 2012.000000","denominations":[{"type":"fixed","minValue":100.00,"maxValue":100.00,"currencyCode":"GBP"}]}]}
